生成启动时间为 2018/2/8 12:18:07。
     1>项目“D:\MyGitProj\MinecraftServer\trunk\GameServer\GameServer\GameServer.vcxproj”在节点 3 上(Build 个目标)。
     1>ClCompile:
         C:\Program Files (x86)\Microsoft Visual Studio 12.0\VC\bin\CL.exe /c /I..\..\lib\boost_1_60_0\boost_1_60_0 /I..\..\Protos\Protos /I"..\..\lib\protobuf-3.3.0\src" /I..\..\..\common\src /I..\..\..\engine\src\Core /ZI /nologo /W3 /WX- /Od /Oy- /D WIN32 /D _DEBUG /D _CONSOLE /D _LIB /D _CRT_SECURE_NO_WARNINGS /D _MBCS /Gm /EHsc /RTC1 /MDd /GS /fp:precise /Zc:wchar_t /Zc:forScope /Fo"Debug\\" /Fd"Debug\vc120.pdb" /Gd /TP /analyze- /errorReport:prompt ClientAcceptor.cpp ClientSsesion.cpp cRTTI.cpp GameSession.cpp GateServer.cpp main.cpp GamesServer.cpp mineCraft.cpp NetPlayer.cpp NetPlayerManager.cpp Room.cpp RoomManager.cpp
         RoomManager.cpp
     1>d:\mygitproj\minecraftserver\trunk\gameserver\gameserver\clientssesion.h(18): fatal error C1083: 无法打开包括文件: “protobuf/ClientAndGame.pb.h”: No such file or directory
         Room.cpp
     1>d:\mygitproj\minecraftserver\trunk\gameserver\gameserver\clientssesion.h(18): fatal error C1083: 无法打开包括文件: “protobuf/ClientAndGame.pb.h”: No such file or directory
         NetPlayerManager.cpp
     1>d:\mygitproj\minecraftserver\trunk\gameserver\gameserver\clientssesion.h(18): fatal error C1083: 无法打开包括文件: “protobuf/ClientAndGame.pb.h”: No such file or directory
         NetPlayer.cpp
     1>d:\mygitproj\minecraftserver\trunk\gameserver\gameserver\clientssesion.h(18): fatal error C1083: 无法打开包括文件: “protobuf/ClientAndGame.pb.h”: No such file or directory
         mineCraft.cpp
     1>d:\mygitproj\minecraftserver\trunk\gameserver\gameserver\minecraft.cpp(1): fatal error C1083: 无法打开包括文件: “World/World.h”: No such file or directory
         GamesServer.cpp
     1>d:\mygitproj\minecraftserver\trunk\gameserver\gameserver\clientssesion.h(18): fatal error C1083: 无法打开包括文件: “protobuf/ClientAndGame.pb.h”: No such file or directory
         main.cpp
     1>d:\mygitproj\minecraftserver\trunk\gameserver\gameserver\clientssesion.h(18): fatal error C1083: 无法打开包括文件: “protobuf/ClientAndGame.pb.h”: No such file or directory
         GateServer.cpp
     1>d:\mygitproj\minecraftserver\trunk\gameserver\gameserver\gateserver.cpp(3): fatal error C1083: 无法打开包括文件: “boost/asio.hpp”: No such file or directory
         GameSession.cpp
         cRTTI.cpp
     1>d:\mygitproj\minecraftserver\trunk\gameserver\gameserver\crtti.cpp(1): fatal error C1083: 无法打开包括文件: “Entity/Entity.h”: No such file or directory
         ClientSsesion.cpp
     1>d:\mygitproj\minecraftserver\trunk\gameserver\gameserver\clientssesion.h(18): fatal error C1083: 无法打开包括文件: “protobuf/ClientAndGame.pb.h”: No such file or directory
         ClientAcceptor.cpp
     1>d:\mygitproj\minecraftserver\trunk\gameserver\gameserver\clientssesion.h(18): fatal error C1083: 无法打开包括文件: “protobuf/ClientAndGame.pb.h”: No such file or directory
         正在生成代码...
     1>已完成生成项目“D:\MyGitProj\MinecraftServer\trunk\GameServer\GameServer\GameServer.vcxproj”(Build 个目标)的操作 - 失败。

生成失败。

已用时间 00:00:03.21
