f:\minicraft\dev\server\gameserver\gameserver\debug\vc120.pdb
f:\minicraft\dev\server\gameserver\gameserver\debug\vc120.idb
f:\minicraft\dev\server\gameserver\gameserver\debug\clientacceptor.obj
f:\minicraft\dev\server\gameserver\gameserver\debug\clientssesion.obj
f:\minicraft\dev\server\gameserver\gameserver\debug\crtti.obj
f:\minicraft\dev\server\gameserver\gameserver\debug\gamesession.obj
f:\minicraft\dev\server\gameserver\gameserver\debug\gateserver.obj
f:\minicraft\dev\server\gameserver\gameserver\debug\main.obj
f:\minicraft\dev\server\gameserver\gameserver\debug\gamesserver.obj
f:\minicraft\dev\server\gameserver\gameserver\debug\minecraft.obj
f:\minicraft\dev\server\gameserver\gameserver\debug\netplayer.obj
f:\minicraft\dev\server\gameserver\gameserver\debug\netplayermanager.obj
f:\minicraft\dev\server\gameserver\gameserver\debug\room.obj
f:\minicraft\dev\server\gameserver\gameserver\debug\roommanager.obj
f:\minicraft\dev\server\testserver\testserver1\debug\gameserver.ilk
f:\minicraft\dev\server\testserver\testserver1\debug\gameserver.exe
f:\minicraft\dev\server\testserver\testserver1\debug\gameserver.pdb
f:\minicraft\dev\server\gameserver\gameserver\debug\gameserver.res
h:\视频\公司项目\龙图\minicraft\dev\server\gameserver\gameserver\debug\clientacceptor.obj
h:\视频\公司项目\龙图\minicraft\dev\server\gameserver\gameserver\debug\clientssesion.obj
h:\视频\公司项目\龙图\minicraft\dev\server\gameserver\gameserver\debug\crtti.obj
h:\视频\公司项目\龙图\minicraft\dev\server\gameserver\gameserver\debug\gamesession.obj
h:\视频\公司项目\龙图\minicraft\dev\server\gameserver\gameserver\debug\gamesserver.obj
h:\视频\公司项目\龙图\minicraft\dev\server\gameserver\gameserver\debug\gateserver.obj
h:\视频\公司项目\龙图\minicraft\dev\server\gameserver\gameserver\debug\main.obj
h:\视频\公司项目\龙图\minicraft\dev\server\gameserver\gameserver\debug\minecraft.obj
h:\视频\公司项目\龙图\minicraft\dev\server\gameserver\gameserver\debug\netplayer.obj
h:\视频\公司项目\龙图\minicraft\dev\server\gameserver\gameserver\debug\netplayermanager.obj
h:\视频\公司项目\龙图\minicraft\dev\server\gameserver\gameserver\debug\room.obj
h:\视频\公司项目\龙图\minicraft\dev\server\gameserver\gameserver\debug\roommanager.obj
h:\视频\公司项目\龙图\minicraft\dev\server\gameserver\gameserver\debug\gameserver.res
h:\视频\公司项目\龙图\minicraft\dev\server\gameserver\gameserver\debug\vc120.idb
h:\视频\公司项目\龙图\minicraft\dev\server\gameserver\gameserver\debug\vc120.pdb
h:\视频\公司项目\龙图\minicraft\dev\server\allserver\allserver\debug\gameserver.pdb
h:\视频\公司项目\龙图\minicraft\dev\server\allserver\allserver\debug\gameserver.exe
h:\视频\公司项目\龙图\minicraft\dev\server\allserver\allserver\debug\gameserver.ilk
h:\视频\公司项目\龙图\minicraft\dev\server\gameserver\gameserver\debug\gameserver.tlog\cl.command.1.tlog
h:\视频\公司项目\龙图\minicraft\dev\server\gameserver\gameserver\debug\gameserver.tlog\cl.read.1.tlog
h:\视频\公司项目\龙图\minicraft\dev\server\gameserver\gameserver\debug\gameserver.tlog\cl.write.1.tlog
h:\视频\公司项目\龙图\minicraft\dev\server\gameserver\gameserver\debug\gameserver.tlog\link.command.1.tlog
h:\视频\公司项目\龙图\minicraft\dev\server\gameserver\gameserver\debug\gameserver.tlog\link.read.1.tlog
h:\视频\公司项目\龙图\minicraft\dev\server\gameserver\gameserver\debug\gameserver.tlog\link.write.1.tlog
h:\视频\公司项目\龙图\minicraft\dev\server\gameserver\gameserver\debug\gameserver.tlog\rc.command.1.tlog
h:\视频\公司项目\龙图\minicraft\dev\server\gameserver\gameserver\debug\gameserver.tlog\rc.read.1.tlog
h:\视频\公司项目\龙图\minicraft\dev\server\gameserver\gameserver\debug\gameserver.tlog\rc.write.1.tlog
