f:\minicraft\dev\server\libnetengine\libnetengine\debug\vc120.pdb
f:\minicraft\dev\server\libnetengine\libnetengine\debug\vc120.idb
f:\minicraft\dev\server\libnetengine\libnetengine\debug\listener.obj
f:\minicraft\dev\server\libnetengine\libnetengine\debug\netserver.obj
f:\minicraft\dev\server\libnetengine\libnetengine\debug\tcpclient.obj
f:\minicraft\dev\server\testserver\testserver1\debug\libnetengine.lib
f:\minicraft\dev\server\testserver\testserver1\debug\libnetengine.exp
f:\minicraft\dev\server\testserver\testserver1\debug\libnetengine.ilk
f:\minicraft\dev\server\testserver\testserver1\debug\libnetengine.dll
f:\minicraft\dev\server\testserver\testserver1\debug\libnetengine.pdb
h:\视频\公司项目\龙图\minicraft\dev\server\libnetengine\libnetengine\debug\listener.obj
h:\视频\公司项目\龙图\minicraft\dev\server\libnetengine\libnetengine\debug\netserver.obj
h:\视频\公司项目\龙图\minicraft\dev\server\libnetengine\libnetengine\debug\tcpclient.obj
h:\视频\公司项目\龙图\minicraft\dev\server\libnetengine\libnetengine\debug\vc120.idb
h:\视频\公司项目\龙图\minicraft\dev\server\libnetengine\libnetengine\debug\vc120.pdb
h:\视频\公司项目\龙图\minicraft\dev\server\allserver\allserver\debug\libnetengine.pdb
h:\视频\公司项目\龙图\minicraft\dev\server\allserver\allserver\debug\libnetengine.dll
h:\视频\公司项目\龙图\minicraft\dev\server\allserver\allserver\debug\libnetengine.ilk
h:\视频\公司项目\龙图\minicraft\dev\server\libnetengine\libnetengine\debug\libnetengine.tlog\cl.command.1.tlog
h:\视频\公司项目\龙图\minicraft\dev\server\libnetengine\libnetengine\debug\libnetengine.tlog\cl.read.1.tlog
h:\视频\公司项目\龙图\minicraft\dev\server\libnetengine\libnetengine\debug\libnetengine.tlog\cl.write.1.tlog
h:\视频\公司项目\龙图\minicraft\dev\server\libnetengine\libnetengine\debug\libnetengine.tlog\libnetengine.write.1u.tlog
h:\视频\公司项目\龙图\minicraft\dev\server\libnetengine\libnetengine\debug\libnetengine.tlog\link.command.1.tlog
h:\视频\公司项目\龙图\minicraft\dev\server\libnetengine\libnetengine\debug\libnetengine.tlog\link.read.1.tlog
h:\视频\公司项目\龙图\minicraft\dev\server\libnetengine\libnetengine\debug\libnetengine.tlog\link.write.1.tlog
